<?xml version="1.0" encoding="UTF-8"?>
<testng-results ignored="0" total="2" passed="2" failed="0" skipped="0">
  <reporter-output>
  </reporter-output>
  <suite started-at="2024-12-07T16:26:52 IST" name="Suite" finished-at="2024-12-07T16:27:08 IST" duration-ms="16288">
    <groups>
    </groups>
    <test started-at="2024-12-07T16:26:52 IST" name="Test" finished-at="2024-12-07T16:27:08 IST" duration-ms="16288">
      <class name="com.TestNG.Demo">
        <test-method signature="GoogleSearch()[pri:1, instance:com.TestNG.Demo@1ed4ae0f]" started-at="2024-12-07T16:26:52 IST" name="GoogleSearch" finished-at="2024-12-07T16:27:05 IST" duration-ms="12700" status="PASS">
          <reporter-output>
          </reporter-output>
        </test-method> <!-- GoogleSearch -->
        <test-method signature="Facebook()[pri:2, instance:com.TestNG.Demo@1ed4ae0f]" started-at="2024-12-07T16:26:52 IST" name="Facebook" finished-at="2024-12-07T16:27:08 IST" duration-ms="16257" status="PASS">
          <reporter-output>
          </reporter-output>
        </test-method> <!-- Facebook -->
      </class> <!-- com.TestNG.Demo -->
    </test> <!-- Test -->
  </suite> <!-- Suite -->
</testng-results>
